# JRE version: Java(TM) SE Runtime Environment 18.9 (11.0.12+8) (build 11.0.12+8-LTS-237)
# Java VM: Java HotSpot(TM) 64-Bit Server VM 18.9 (11.0.12+8-LTS-237, mixed mode, tiered, compressed oops, g1 gc, windows-amd64)
Heap:
 garbage-first heap   total 114688K, used 26013K [0x0000000091c00000, 0x0000000100000000)
  region size 1024K, 19 young (19456K), 3 survivors (3072K)
 Metaspace       used 19481K, capacity 20199K, committed 20352K, reserved 1067008K
  class space    used 2298K, capacity 2577K, committed 2688K, reserved 1048576K
GC Heap History (8 events):
Event: 2.257 GC heap before
{Heap before GC invocations=0 (full 0):
 garbage-first heap   total 114688K, used 7168K [0x0000000091c00000, 0x0000000100000000)
  region size 1024K, 7 young (7168K), 0 survivors (0K)
 Metaspace       used 5838K, capacity 5883K, committed 6016K, reserved 1056768K
  class space    used 516K, capacity 534K, committed 640K, reserved 1048576K
}
Event: 2.315 GC heap after
{Heap after GC invocations=1 (full 0):
 garbage-first heap   total 114688K, used 5906K [0x0000000091c00000, 0x0000000100000000)
  region size 1024K, 1 young (1024K), 1 survivors (1024K)
 Metaspace       used 5838K, capacity 5883K, committed 6016K, reserved 1056768K
  class space    used 516K, capacity 534K, committed 640K, reserved 1048576K
}
Event: 3.261 GC heap before
{Heap before GC invocations=1 (full 0):
 garbage-first heap   total 114688K, used 8978K [0x0000000091c00000, 0x0000000100000000)
  region size 1024K, 5 young (5120K), 1 survivors (1024K)
 Metaspace       used 8874K, capacity 8980K, committed 9216K, reserved 1056768K
  class space    used 877K, capacity 930K, committed 1024K, reserved 1048576K
}
Event: 3.268 GC heap after
{Heap after GC invocations=2 (full 0):
 garbage-first heap   total 114688K, used 7671K [0x0000000091c00000, 0x0000000100000000)
  region size 1024K, 1 young (1024K), 1 survivors (1024K)
 Metaspace       used 8874K, capacity 8980K, committed 9216K, reserved 1056768K
  class space    used 877K, capacity 930K, committed 1024K, reserved 1048576K
}
Event: 6.149 GC heap before
{Heap before GC invocations=2 (full 0):
 garbage-first heap   total 114688K, used 44535K [0x0000000091c00000, 0x0000000100000000)
  region size 1024K, 38 young (38912K), 1 survivors (1024K)
 Metaspace       used 14584K, capacity 14981K, committed 15104K, reserved 1062912K
  class space    used 1548K, capacity 1678K, committed 1792K, reserved 1048576K
}
Event: 6.159 GC heap after
{Heap after GC invocations=3 (full 0):
 garbage-first heap   total 114688K, used 9924K [0x0000000091c00000, 0x0000000100000000)
  region size 1024K, 4 young (4096K), 4 survivors (4096K)
 Metaspace       used 14584K, capacity 14981K, committed 15104K, reserved 1062912K
  class space    used 1548K, capacity 1678K, committed 1792K, reserved 1048576K
}
Event: 6.798 GC heap before
{Heap before GC invocations=3 (full 0):
 garbage-first heap   total 114688K, used 46788K [0x0000000091c00000, 0x0000000100000000)
  region size 1024K, 41 young (41984K), 4 survivors (4096K)
 Metaspace       used 16744K, capacity 17207K, committed 17408K, reserved 1064960K
  class space    used 1838K, capacity 2002K, committed 2048K, reserved 1048576K
}
Event: 6.809 GC heap after
{Heap after GC invocations=4 (full 0):
 garbage-first heap   total 114688K, used 10653K [0x0000000091c00000, 0x0000000100000000)
  region size 1024K, 3 young (3072K), 3 survivors (3072K)
 Metaspace       used 16744K, capacity 17207K, committed 17408K, reserved 1064960K
  class space    used 1838K, capacity 2002K, committed 2048K, reserved 1048576K
}

