# JRE version: Java(TM) SE Runtime Environment 18.9 (11.0.12+8) (build 11.0.12+8-LTS-237)
# Java VM: Java HotSpot(TM) 64-Bit Server VM 18.9 (11.0.12+8-LTS-237, mixed mode, tiered, compressed oops, g1 gc, windows-amd64)
Heap:
 garbage-first heap   total 114688K, used 30837K [0x0000000091c00000, 0x0000000100000000)
  region size 1024K, 24 young (24576K), 3 survivors (3072K)
 Metaspace       used 19881K, capacity 20627K, committed 20864K, reserved 1067008K
  class space    used 2345K, capacity 2611K, committed 2688K, reserved 1048576K
GC Heap History (8 events):
Event: 1.554 GC heap before
{Heap before GC invocations=0 (full 0):
 garbage-first heap   total 114688K, used 7168K [0x0000000091c00000, 0x0000000100000000)
  region size 1024K, 7 young (7168K), 0 survivors (0K)
 Metaspace       used 5856K, capacity 5883K, committed 6016K, reserved 1056768K
  class space    used 516K, capacity 534K, committed 640K, reserved 1048576K
}
Event: 1.563 GC heap after
{Heap after GC invocations=1 (full 0):
 garbage-first heap   total 114688K, used 6048K [0x0000000091c00000, 0x0000000100000000)
  region size 1024K, 1 young (1024K), 1 survivors (1024K)
 Metaspace       used 5856K, capacity 5883K, committed 6016K, reserved 1056768K
  class space    used 516K, capacity 534K, committed 640K, reserved 1048576K
}
Event: 1.952 GC heap before
{Heap before GC invocations=1 (full 0):
 garbage-first heap   total 114688K, used 9120K [0x0000000091c00000, 0x0000000100000000)
  region size 1024K, 5 young (5120K), 1 survivors (1024K)
 Metaspace       used 8875K, capacity 9044K, committed 9216K, reserved 1056768K
  class space    used 874K, capacity 930K, committed 1024K, reserved 1048576K
}
Event: 1.958 GC heap after
{Heap after GC invocations=2 (full 0):
 garbage-first heap   total 114688K, used 7704K [0x0000000091c00000, 0x0000000100000000)
  region size 1024K, 1 young (1024K), 1 survivors (1024K)
 Metaspace       used 8875K, capacity 9044K, committed 9216K, reserved 1056768K
  class space    used 874K, capacity 930K, committed 1024K, reserved 1048576K
}
Event: 4.852 GC heap before
{Heap before GC invocations=2 (full 0):
 garbage-first heap   total 114688K, used 42520K [0x0000000091c00000, 0x0000000100000000)
  region size 1024K, 36 young (36864K), 1 survivors (1024K)
 Metaspace       used 14572K, capacity 14981K, committed 15104K, reserved 1062912K
  class space    used 1546K, capacity 1678K, committed 1792K, reserved 1048576K
}
Event: 4.862 GC heap after
{Heap after GC invocations=3 (full 0):
 garbage-first heap   total 114688K, used 9977K [0x0000000091c00000, 0x0000000100000000)
  region size 1024K, 4 young (4096K), 4 survivors (4096K)
 Metaspace       used 14572K, capacity 14981K, committed 15104K, reserved 1062912K
  class space    used 1546K, capacity 1678K, committed 1792K, reserved 1048576K
}
Event: 5.306 GC heap before
{Heap before GC invocations=3 (full 0):
 garbage-first heap   total 114688K, used 45817K [0x0000000091c00000, 0x0000000100000000)
  region size 1024K, 40 young (40960K), 4 survivors (4096K)
 Metaspace       used 16010K, capacity 16527K, committed 16896K, reserved 1064960K
  class space    used 1748K, capacity 1923K, committed 2048K, reserved 1048576K
}
Event: 5.315 GC heap after
{Heap after GC invocations=4 (full 0):
 garbage-first heap   total 114688K, used 10357K [0x0000000091c00000, 0x0000000100000000)
  region size 1024K, 3 young (3072K), 3 survivors (3072K)
 Metaspace       used 16010K, capacity 16527K, committed 16896K, reserved 1064960K
  class space    used 1748K, capacity 1923K, committed 2048K, reserved 1048576K
}

