# JRE version: Java(TM) SE Runtime Environment 18.9 (11.0.12+8) (build 11.0.12+8-LTS-237)
# Java VM: Java HotSpot(TM) 64-Bit Server VM 18.9 (11.0.12+8-LTS-237, mixed mode, tiered, compressed oops, g1 gc, windows-amd64)
Heap:
 garbage-first heap   total 114688K, used 26139K [0x0000000091c00000, 0x0000000100000000)
  region size 1024K, 19 young (19456K), 3 survivors (3072K)
 Metaspace       used 19994K, capacity 20723K, committed 20864K, reserved 1067008K
  class space    used 2355K, capacity 2643K, committed 2688K, reserved 1048576K
GC Heap History (8 events):
Event: 1.785 GC heap before
{Heap before GC invocations=0 (full 0):
 garbage-first heap   total 114688K, used 7168K [0x0000000091c00000, 0x0000000100000000)
  region size 1024K, 7 young (7168K), 0 survivors (0K)
 Metaspace       used 5856K, capacity 5883K, committed 6016K, reserved 1056768K
  class space    used 516K, capacity 534K, committed 640K, reserved 1048576K
}
Event: 1.798 GC heap after
{Heap after GC invocations=1 (full 0):
 garbage-first heap   total 114688K, used 5906K [0x0000000091c00000, 0x0000000100000000)
  region size 1024K, 1 young (1024K), 1 survivors (1024K)
 Metaspace       used 5856K, capacity 5883K, committed 6016K, reserved 1056768K
  class space    used 516K, capacity 534K, committed 640K, reserved 1048576K
}
Event: 2.443 GC heap before
{Heap before GC invocations=1 (full 0):
 garbage-first heap   total 114688K, used 8978K [0x0000000091c00000, 0x0000000100000000)
  region size 1024K, 5 young (5120K), 1 survivors (1024K)
 Metaspace       used 8893K, capacity 9044K, committed 9216K, reserved 1056768K
  class space    used 877K, capacity 930K, committed 1024K, reserved 1048576K
}
Event: 2.449 GC heap after
{Heap after GC invocations=2 (full 0):
 garbage-first heap   total 114688K, used 7707K [0x0000000091c00000, 0x0000000100000000)
  region size 1024K, 1 young (1024K), 1 survivors (1024K)
 Metaspace       used 8893K, capacity 9044K, committed 9216K, reserved 1056768K
  class space    used 877K, capacity 930K, committed 1024K, reserved 1048576K
}
Event: 5.050 GC heap before
{Heap before GC invocations=2 (full 0):
 garbage-first heap   total 114688K, used 46619K [0x0000000091c00000, 0x0000000100000000)
  region size 1024K, 40 young (40960K), 1 survivors (1024K)
 Metaspace       used 14627K, capacity 15045K, committed 15360K, reserved 1062912K
  class space    used 1548K, capacity 1678K, committed 1792K, reserved 1048576K
}
Event: 5.059 GC heap after
{Heap after GC invocations=3 (full 0):
 garbage-first heap   total 114688K, used 10010K [0x0000000091c00000, 0x0000000100000000)
  region size 1024K, 4 young (4096K), 4 survivors (4096K)
 Metaspace       used 14627K, capacity 15045K, committed 15360K, reserved 1062912K
  class space    used 1548K, capacity 1678K, committed 1792K, reserved 1048576K
}
Event: 5.838 GC heap before
{Heap before GC invocations=3 (full 0):
 garbage-first heap   total 114688K, used 48922K [0x0000000091c00000, 0x0000000100000000)
  region size 1024K, 43 young (44032K), 4 survivors (4096K)
 Metaspace       used 17772K, capacity 18394K, committed 18688K, reserved 1064960K
  class space    used 1989K, capacity 2206K, committed 2304K, reserved 1048576K
}
Event: 5.851 GC heap after
{Heap after GC invocations=4 (full 0):
 garbage-first heap   total 114688K, used 10779K [0x0000000091c00000, 0x0000000100000000)
  region size 1024K, 3 young (3072K), 3 survivors (3072K)
 Metaspace       used 17772K, capacity 18394K, committed 18688K, reserved 1064960K
  class space    used 1989K, capacity 2206K, committed 2304K, reserved 1048576K
}

